# JRE version: OpenJDK Runtime Environment GraalVM CE 22.3.0 (17.0.5+8) (build 17.0.5+8-jvmci-22.3-b08)
# Java VM: OpenJDK 64-Bit Server VM GraalVM CE 22.3.0 (17.0.5+8-jvmci-22.3-b08, mixed mode, sharing, tiered, jvmci, jvmci compiler, compressed oops, compressed class ptrs, parallel gc, linux-amd64)
GC Precious Log:
 CPUs: 8 total, 1 available
 Memory: 1024M
 Large Page Support: Disabled
 NUMA Support: Disabled
 Compressed Oops: Enabled (32-bit)
 Alignments: Space 512K, Generation 512K, Heap 2M
 Heap Min Capacity: 100M
 Heap Initial Capacity: 100M
 Heap Max Capacity: 512M
 Pre-touch: Disabled
 Parallel Workers: 1
Heap:
 PSYoungGen      total 90112K, used 36864K [0x00000000f5580000, 0x00000000fe280000, 0x0000000100000000)
  eden space 36864K, 100% used [0x00000000f5580000,0x00000000f7980000,0x00000000f7980000)
  from space 53248K, 0% used [0x00000000f7980000,0x00000000f7980000,0x00000000fad80000)
  to   space 23552K, 0% used [0x00000000fad80000,0x00000000fad80000,0x00000000fc480000)
 ParOldGen       total 349696K, used 349695K [0x00000000e0000000, 0x00000000f5580000, 0x00000000f5580000)
  object space 349696K, 99% used [0x00000000e0000000,0x00000000f557fff0,0x00000000f5580000)
 Metaspace       used 54004K, committed 54848K, reserved 1105920K
  class space    used 5388K, committed 5696K, reserved 1048576K
GC Heap History (20 events):
Event: 535.740 GC heap before
{Heap before GC invocations=388 (full 304):
 PSYoungGen      total 90112K, used 36863K [0x00000000f5580000, 0x00000000fe280000, 0x0000000100000000)
  eden space 36864K, 99% used [0x00000000f5580000,0x00000000f797fff8,0x00000000f7980000)
  from space 53248K, 0% used [0x00000000f7980000,0x00000000f7980000,0x00000000fad80000)
  to   space 23552K, 0% used [0x00000000fad80000,0x00000000fad80000,0x00000000fc480000)
 ParOldGen       total 349696K, used 349684K [0x00000000e0000000, 0x00000000f5580000, 0x00000000f5580000)
  object space 349696K, 99% used [0x00000000e0000000,0x00000000f557d328,0x00000000f5580000)
 Metaspace       used 54004K, committed 54848K, reserved 1105920K
  class space    used 5388K, committed 5696K, reserved 1048576K
}
Event: 537.353 GC heap after
{Heap after GC invocations=388 (full 304):
 PSYoungGen      total 60416K, used 36863K [0x00000000f5580000, 0x00000000fe280000, 0x0000000100000000)
  eden space 36864K, 99% used [0x00000000f5580000,0x00000000f797ffe8,0x00000000f7980000)
  from space 23552K, 0% used [0x00000000fad80000,0x00000000fad80000,0x00000000fc480000)
  to   space 53248K, 0% used [0x00000000f7980000,0x00000000f7980000,0x00000000fad80000)
 ParOldGen       total 349696K, used 349684K [0x00000000e0000000, 0x00000000f5580000, 0x00000000f5580000)
  object space 349696K, 99% used [0x00000000e0000000,0x00000000f557d328,0x00000000f5580000)
 Metaspace       used 54004K, committed 54848K, reserved 1105920K
  class space    used 5388K, committed 5696K, reserved 1048576K
}
Event: 537.354 GC heap before
{Heap before GC invocations=389 (full 305):
 PSYoungGen      total 60416K, used 36864K [0x00000000f5580000, 0x00000000fe280000, 0x0000000100000000)
  eden space 36864K, 100% used [0x00000000f5580000,0x00000000f7980000,0x00000000f7980000)
  from space 23552K, 0% used [0x00000000fad80000,0x00000000fad80000,0x00000000fc480000)
  to   space 53248K, 0% used [0x00000000f7980000,0x00000000f7980000,0x00000000fad80000)
 ParOldGen       total 349696K, used 349689K [0x00000000e0000000, 0x00000000f5580000, 0x00000000f5580000)
  object space 349696K, 99% used [0x00000000e0000000,0x00000000f557e598,0x00000000f5580000)
 Metaspace       used 54004K, committed 54848K, reserved 1105920K
  class space    used 5388K, committed 5696K, reserved 1048576K
}
Event: 538.903 GC heap after
{Heap after GC invocations=389 (full 305):
 PSYoungGen      total 90112K, used 36863K [0x00000000f5580000, 0x00000000fe280000, 0x0000000100000000)
  eden space 36864K, 99% used [0x00000000f5580000,0x00000000f797ff38,0x00000000f7980000)
  from space 53248K, 0% used [0x00000000f7980000,0x00000000f7980000,0x00000000fad80000)
  to   space 23552K, 0% used [0x00000000fad80000,0x00000000fad80000,0x00000000fc480000)
 ParOldGen       total 349696K, used 349689K [0x00000000e0000000, 0x00000000f5580000, 0x00000000f5580000)
  object space 349696K, 99% used [0x00000000e0000000,0x00000000f557e420,0x00000000f5580000)
 Metaspace       used 54004K, committed 54848K, reserved 1105920K
  class space    used 5388K, committed 5696K, reserved 1048576K
}
Event: 538.904 GC heap before
{Heap before GC invocations=390 (full 306):
 PSYoungGen      total 90112K, used 36864K [0x00000000f5580000, 0x00000000fe280000, 0x0000000100000000)
  eden space 36864K, 100% used [0x00000000f5580000,0x00000000f7980000,0x00000000f7980000)
  from space 53248K, 0% used [0x00000000f7980000,0x00000000f7980000,0x00000000fad80000)
  to   space 23552K, 0% used [0x00000000fad80000,0x00000000fad80000,0x00000000fc480000)
 ParOldGen       total 349696K, used 349689K [0x00000000e0000000, 0x00000000f5580000, 0x00000000f5580000)
  object space 349696K, 99% used [0x00000000e0000000,0x00000000f557e420,0x00000000f5580000)
 Metaspace       used 54004K, committed 54848K, reserved 1105920K
  class space    used 5388K, committed 5696K, reserved 1048576K
}
Event: 540.422 GC heap after
{Heap after GC invocations=390 (full 306):
 PSYoungGen      total 60416K, used 36863K [0x00000000f5580000, 0x00000000fe280000, 0x0000000100000000)
  eden space 36864K, 99% used [0x00000000f5580000,0x00000000f797ffc0,0x00000000f7980000)
  from space 23552K, 0% used [0x00000000fad80000,0x00000000fad80000,0x00000000fc480000)
  to   space 53248K, 0% used [0x00000000f7980000,0x00000000f7980000,0x00000000fad80000)
 ParOldGen       total 349696K, used 349689K [0x00000000e0000000, 0x00000000f5580000, 0x00000000f5580000)
  object space 349696K, 99% used [0x00000000e0000000,0x00000000f557e400,0x00000000f5580000)
 Metaspace       used 54004K, committed 54848K, reserved 1105920K
  class space    used 5388K, committed 5696K, reserved 1048576K
}
Event: 540.422 GC heap before
{Heap before GC invocations=391 (full 307):
 PSYoungGen      total 60416K, used 36863K [0x00000000f5580000, 0x00000000fe280000, 0x0000000100000000)
  eden space 36864K, 99% used [0x00000000f5580000,0x00000000f797ffe0,0x00000000f7980000)
  from space 23552K, 0% used [0x00000000fad80000,0x00000000fad80000,0x00000000fc480000)
  to   space 53248K, 0% used [0x00000000f7980000,0x00000000f7980000,0x00000000fad80000)
 ParOldGen       total 349696K, used 349689K [0x00000000e0000000, 0x00000000f5580000, 0x00000000f5580000)
  object space 349696K, 99% used [0x00000000e0000000,0x00000000f557e400,0x00000000f5580000)
 Metaspace       used 54004K, committed 54848K, reserved 1105920K
  class space    used 5388K, committed 5696K, reserved 1048576K
}
Event: 542.078 GC heap after
{Heap after GC invocations=391 (full 307):
 PSYoungGen      total 90112K, used 36863K [0x00000000f5580000, 0x00000000fe280000, 0x0000000100000000)
  eden space 36864K, 99% used [0x00000000f5580000,0x00000000f797ffd0,0x00000000f7980000)
  from space 53248K, 0% used [0x00000000f7980000,0x00000000f7980000,0x00000000fad80000)
  to   space 23552K, 0% used [0x00000000fad80000,0x00000000fad80000,0x00000000fc480000)
 ParOldGen       total 349696K, used 349689K [0x00000000e0000000, 0x00000000f5580000, 0x00000000f5580000)
  object space 349696K, 99% used [0x00000000e0000000,0x00000000f557e400,0x00000000f5580000)
 Metaspace       used 54004K, committed 54848K, reserved 1105920K
  class space    used 5388K, committed 5696K, reserved 1048576K
}
Event: 542.087 GC heap before
{Heap before GC invocations=392 (full 308):
 PSYoungGen      total 90112K, used 36864K [0x00000000f5580000, 0x00000000fe280000, 0x0000000100000000)
  eden space 36864K, 100% used [0x00000000f5580000,0x00000000f7980000,0x00000000f7980000)
  from space 53248K, 0% used [0x00000000f7980000,0x00000000f7980000,0x00000000fad80000)
  to   space 23552K, 0% used [0x00000000fad80000,0x00000000fad80000,0x00000000fc480000)
 ParOldGen       total 349696K, used 349692K [0x00000000e0000000, 0x00000000f5580000, 0x00000000f5580000)
  object space 349696K, 99% used [0x00000000e0000000,0x00000000f557f170,0x00000000f5580000)
 Metaspace       used 54004K, committed 54848K, reserved 1105920K
  class space    used 5388K, committed 5696K, reserved 1048576K
}
Event: 543.540 GC heap after
{Heap after GC invocations=392 (full 308):
 PSYoungGen      total 60416K, used 36863K [0x00000000f5580000, 0x00000000fe280000, 0x0000000100000000)
  eden space 36864K, 99% used [0x00000000f5580000,0x00000000f797ff78,0x00000000f7980000)
  from space 23552K, 0% used [0x00000000fad80000,0x00000000fad80000,0x00000000fc480000)
  to   space 53248K, 0% used [0x00000000f7980000,0x00000000f7980000,0x00000000fad80000)
 ParOldGen       total 349696K, used 349692K [0x00000000e0000000, 0x00000000f5580000, 0x00000000f5580000)
  object space 349696K, 99% used [0x00000000e0000000,0x00000000f557f110,0x00000000f5580000)
 Metaspace       used 54004K, committed 54848K, reserved 1105920K
  class space    used 5388K, committed 5696K, reserved 1048576K
}
Event: 543.541 GC heap before
{Heap before GC invocations=393 (full 309):
 PSYoungGen      total 60416K, used 36863K [0x00000000f5580000, 0x00000000fe280000, 0x0000000100000000)
  eden space 36864K, 99% used [0x00000000f5580000,0x00000000f797fff8,0x00000000f7980000)
  from space 23552K, 0% used [0x00000000fad80000,0x00000000fad80000,0x00000000fc480000)
  to   space 53248K, 0% used [0x00000000f7980000,0x00000000f7980000,0x00000000fad80000)
 ParOldGen       total 349696K, used 349692K [0x00000000e0000000, 0x00000000f5580000, 0x00000000f5580000)
  object space 349696K, 99% used [0x00000000e0000000,0x00000000f557f110,0x00000000f5580000)
 Metaspace       used 54004K, committed 54848K, reserved 1105920K
  class space    used 5388K, committed 5696K, reserved 1048576K
}
Event: 545.114 GC heap after
{Heap after GC invocations=393 (full 309):
 PSYoungGen      total 90112K, used 36863K [0x00000000f5580000, 0x00000000fe280000, 0x0000000100000000)
  eden space 36864K, 99% used [0x00000000f5580000,0x00000000f797fff8,0x00000000f7980000)
  from space 53248K, 0% used [0x00000000f7980000,0x00000000f7980000,0x00000000fad80000)
  to   space 23552K, 0% used [0x00000000fad80000,0x00000000fad80000,0x00000000fc480000)
 ParOldGen       total 349696K, used 349692K [0x00000000e0000000, 0x00000000f5580000, 0x00000000f5580000)
  object space 349696K, 99% used [0x00000000e0000000,0x00000000f557f110,0x00000000f5580000)
 Metaspace       used 54004K, committed 54848K, reserved 1105920K
  class space    used 5388K, committed 5696K, reserved 1048576K
}
Event: 545.115 GC heap before
{Heap before GC invocations=394 (full 310):
 PSYoungGen      total 90112K, used 36863K [0x00000000f5580000, 0x00000000fe280000, 0x0000000100000000)
  eden space 36864K, 99% used [0x00000000f5580000,0x00000000f797fff8,0x00000000f7980000)
  from space 53248K, 0% used [0x00000000f7980000,0x00000000f7980000,0x00000000fad80000)
  to   space 23552K, 0% used [0x00000000fad80000,0x00000000fad80000,0x00000000fc480000)
 ParOldGen       total 349696K, used 349695K [0x00000000e0000000, 0x00000000f5580000, 0x00000000f5580000)
  object space 349696K, 99% used [0x00000000e0000000,0x00000000f557fdc8,0x00000000f5580000)
 Metaspace       used 54004K, committed 54848K, reserved 1105920K
  class space    used 5388K, committed 5696K, reserved 1048576K
}
Event: 546.751 GC heap after
{Heap after GC invocations=394 (full 310):
 PSYoungGen      total 60416K, used 36863K [0x00000000f5580000, 0x00000000fe280000, 0x0000000100000000)
  eden space 36864K, 99% used [0x00000000f5580000,0x00000000f797fff8,0x00000000f7980000)
  from space 23552K, 0% used [0x00000000fad80000,0x00000000fad80000,0x00000000fc480000)
  to   space 53248K, 0% used [0x00000000f7980000,0x00000000f7980000,0x00000000fad80000)
 ParOldGen       total 349696K, used 349694K [0x00000000e0000000, 0x00000000f5580000, 0x00000000f5580000)
  object space 349696K, 99% used [0x00000000e0000000,0x00000000f557fbe0,0x00000000f5580000)
 Metaspace       used 54004K, committed 54848K, reserved 1105920K
  class space    used 5388K, committed 5696K, reserved 1048576K
}
Event: 546.752 GC heap before
{Heap before GC invocations=395 (full 311):
 PSYoungGen      total 60416K, used 36863K [0x00000000f5580000, 0x00000000fe280000, 0x0000000100000000)
  eden space 36864K, 99% used [0x00000000f5580000,0x00000000f797fff8,0x00000000f7980000)
  from space 23552K, 0% used [0x00000000fad80000,0x00000000fad80000,0x00000000fc480000)
  to   space 53248K, 0% used [0x00000000f7980000,0x00000000f7980000,0x00000000fad80000)
 ParOldGen       total 349696K, used 349695K [0x00000000e0000000, 0x00000000f5580000, 0x00000000f5580000)
  object space 349696K, 99% used [0x00000000e0000000,0x00000000f557ffe8,0x00000000f5580000)
 Metaspace       used 54004K, committed 54848K, reserved 1105920K
  class space    used 5388K, committed 5696K, reserved 1048576K
}
Event: 548.229 GC heap after
{Heap after GC invocations=395 (full 311):
 PSYoungGen      total 90112K, used 36863K [0x00000000f5580000, 0x00000000fe280000, 0x0000000100000000)
  eden space 36864K, 99% used [0x00000000f5580000,0x00000000f797fff8,0x00000000f7980000)
  from space 53248K, 0% used [0x00000000f7980000,0x00000000f7980000,0x00000000fad80000)
  to   space 23552K, 0% used [0x00000000fad80000,0x00000000fad80000,0x00000000fc480000)
 ParOldGen       total 349696K, used 349695K [0x00000000e0000000, 0x00000000f5580000, 0x00000000f5580000)
  object space 349696K, 99% used [0x00000000e0000000,0x00000000f557fe68,0x00000000f5580000)
 Metaspace       used 54004K, committed 54848K, reserved 1105920K
  class space    used 5388K, committed 5696K, reserved 1048576K
}
Event: 548.230 GC heap before
{Heap before GC invocations=396 (full 312):
 PSYoungGen      total 90112K, used 36863K [0x00000000f5580000, 0x00000000fe280000, 0x0000000100000000)
  eden space 36864K, 99% used [0x00000000f5580000,0x00000000f797fff8,0x00000000f7980000)
  from space 53248K, 0% used [0x00000000f7980000,0x00000000f7980000,0x00000000fad80000)
  to   space 23552K, 0% used [0x00000000fad80000,0x00000000fad80000,0x00000000fc480000)
 ParOldGen       total 349696K, used 349695K [0x00000000e0000000, 0x00000000f5580000, 0x00000000f5580000)
  object space 349696K, 99% used [0x00000000e0000000,0x00000000f557ffd0,0x00000000f5580000)
 Metaspace       used 54004K, committed 54848K, reserved 1105920K
  class space    used 5388K, committed 5696K, reserved 1048576K
}
Event: 549.626 GC heap after
{Heap after GC invocations=396 (full 312):
 PSYoungGen      total 60416K, used 36863K [0x00000000f5580000, 0x00000000fe280000, 0x0000000100000000)
  eden space 36864K, 99% used [0x00000000f5580000,0x00000000f797ffe0,0x00000000f7980000)
  from space 23552K, 0% used [0x00000000fad80000,0x00000000fad80000,0x00000000fc480000)
  to   space 53248K, 0% used [0x00000000f7980000,0x00000000f7980000,0x00000000fad80000)
 ParOldGen       total 349696K, used 349695K [0x00000000e0000000, 0x00000000f5580000, 0x00000000f5580000)
  object space 349696K, 99% used [0x00000000e0000000,0x00000000f557ffd0,0x00000000f5580000)
 Metaspace       used 54004K, committed 54848K, reserved 1105920K
  class space    used 5388K, committed 5696K, reserved 1048576K
}
Event: 549.626 GC heap before
{Heap before GC invocations=397 (full 313):
 PSYoungGen      total 60416K, used 36863K [0x00000000f5580000, 0x00000000fe280000, 0x0000000100000000)
  eden space 36864K, 99% used [0x00000000f5580000,0x00000000f797ffe0,0x00000000f7980000)
  from space 23552K, 0% used [0x00000000fad80000,0x00000000fad80000,0x00000000fc480000)
  to   space 53248K, 0% used [0x00000000f7980000,0x00000000f7980000,0x00000000fad80000)
 ParOldGen       total 349696K, used 349695K [0x00000000e0000000, 0x00000000f5580000, 0x00000000f5580000)
  object space 349696K, 99% used [0x00000000e0000000,0x00000000f557ffd0,0x00000000f5580000)
 Metaspace       used 54004K, committed 54848K, reserved 1105920K
  class space    used 5388K, committed 5696K, reserved 1048576K
}
Event: 550.922 GC heap after
{Heap after GC invocations=397 (full 313):
 PSYoungGen      total 90112K, used 36863K [0x00000000f5580000, 0x00000000fe280000, 0x0000000100000000)
  eden space 36864K, 99% used [0x00000000f5580000,0x00000000f797ff18,0x00000000f7980000)
  from space 53248K, 0% used [0x00000000f7980000,0x00000000f7980000,0x00000000fad80000)
  to   space 23552K, 0% used [0x00000000fad80000,0x00000000fad80000,0x00000000fc480000)
 ParOldGen       total 349696K, used 349695K [0x00000000e0000000, 0x00000000f5580000, 0x00000000f5580000)
  object space 349696K, 99% used [0x00000000e0000000,0x00000000f557fd40,0x00000000f5580000)
 Metaspace       used 54004K, committed 54848K, reserved 1105920K
  class space    used 5388K, committed 5696K, reserved 1048576K
}

